
*** Running vivado
    with args -log top_gsplat.vdi -applog -m64 -product Vivado -messageDb vivado.pb -mode batch -source top_gsplat.tcl -notrace


****** Vivado v2017.4 (64-bit)
  **** SW Build 2086221 on Fri Dec 15 20:55:39 MST 2017
  **** IP Build 2085800 on Fri Dec 15 22:25:07 MST 2017
    ** Copyright 1986-2017 Xilinx, Inc. All Rights Reserved.

source top_gsplat.tcl -notrace
Command: link_design -top top_gsplat -part xc7a100tcsg324-1
Design is defaulting to srcset: sources_1
Design is defaulting to constrset: constrs_1
INFO: [Netlist 29-17] Analyzing 271 Unisim elements for replacement
INFO: [Netlist 29-28] Unisim Transformation completed in 0 CPU seconds
INFO: [Project 1-479] Netlist was created with Vivado 2017.4
INFO: [Device 21-403] Loading part xc7a100tcsg324-1
INFO: [Project 1-570] Preparing netlist for logic optimization
Parsing XDC File [C:/Users/Vincent G/Desktop/gsplat/constrs/gsplat.xdc]
Finished Parsing XDC File [C:/Users/Vincent G/Desktop/gsplat/constrs/gsplat.xdc]
INFO: [Opt 31-138] Pushed 0 inverter(s) to 0 load pin(s).
INFO: [Project 1-111] Unisim Transformation Summary:
No Unisim elements were transformed.

7 Infos, 0 Warnings, 0 Critical Warnings and 0 Errors encountered.
link_design completed successfully
link_design: Time (s): cpu = 00:00:03 ; elapsed = 00:00:05 . Memory (MB): peak = 586.707 ; gain = 341.859
Command: opt_design
Attempting to get a license for feature 'Implementation' and/or device 'xc7a100t'
INFO: [Common 17-349] Got license for feature 'Implementation' and/or device 'xc7a100t'
Running DRC as a precondition to command opt_design

Starting DRC Task
INFO: [DRC 23-27] Running DRC with 2 threads
INFO: [Project 1-461] DRC finished with 0 Errors
INFO: [Project 1-462] Please refer to the DRC report (report_drc) for more information.

Time (s): cpu = 00:00:01 ; elapsed = 00:00:00.545 . Memory (MB): peak = 598.121 ; gain = 11.414
INFO: [Timing 38-35] Done setting XDC timing constraints.
INFO: [Timing 38-2] Deriving generated clocks

Starting Logic Optimization Task

Phase 1 Retarget
INFO: [Opt 31-138] Pushed 1 inverter(s) to 1 load pin(s).
INFO: [Opt 31-49] Retargeted 0 cell(s).
Phase 1 Retarget | Checksum: 23d97d11f

Time (s): cpu = 00:00:00 ; elapsed = 00:00:00.113 . Memory (MB): peak = 1142.535 ; gain = 0.000
INFO: [Opt 31-389] Phase Retarget created 3 cells and removed 6 cells

Phase 2 Constant propagation
INFO: [Opt 31-138] Pushed 0 inverter(s) to 0 load pin(s).
Phase 2 Constant propagation | Checksum: 158fdb09a

Time (s): cpu = 00:00:00 ; elapsed = 00:00:00.158 . Memory (MB): peak = 1142.535 ; gain = 0.000
INFO: [Opt 31-389] Phase Constant propagation created 0 cells and removed 0 cells

Phase 3 Sweep
Phase 3 Sweep | Checksum: 17103ed96

Time (s): cpu = 00:00:00 ; elapsed = 00:00:00.191 . Memory (MB): peak = 1142.535 ; gain = 0.000
INFO: [Opt 31-389] Phase Sweep created 0 cells and removed 0 cells

Phase 4 BUFG optimization
Phase 4 BUFG optimization | Checksum: 17103ed96

Time (s): cpu = 00:00:00 ; elapsed = 00:00:00.255 . Memory (MB): peak = 1142.535 ; gain = 0.000
INFO: [Opt 31-389] Phase BUFG optimization created 0 cells and removed 0 cells

Phase 5 Shift Register Optimization
Phase 5 Shift Register Optimization | Checksum: 17103ed96

Time (s): cpu = 00:00:00 ; elapsed = 00:00:00.269 . Memory (MB): peak = 1142.535 ; gain = 0.000
INFO: [Opt 31-389] Phase Shift Register Optimization created 0 cells and removed 0 cells

Starting Connectivity Check Task

Time (s): cpu = 00:00:00 ; elapsed = 00:00:00.002 . Memory (MB): peak = 1142.535 ; gain = 0.000
Ending Logic Optimization Task | Checksum: 17103ed96

Time (s): cpu = 00:00:00 ; elapsed = 00:00:00.294 . Memory (MB): peak = 1142.535 ; gain = 0.000

Starting Power Optimization Task
INFO: [Pwropt 34-132] Skipping clock gating for clocks with a period < 2.00 ns.
INFO: [Timing 38-35] Done setting XDC timing constraints.
INFO: [Physopt 32-619] Estimated Timing Summary | WNS=-4.171 | TNS=-138.993 |
Running Vector-less Activity Propagation...

Finished Running Vector-less Activity Propagation
INFO: [Pwropt 34-9] Applying IDT optimizations ...
INFO: [Pwropt 34-10] Applying ODC optimizations ...


Starting PowerOpt Patch Enables Task
INFO: [Pwropt 34-162] WRITE_MODE attribute of 0 BRAM(s) out of a total of 73 has been updated to save power. Run report_power_opt to get a complete listing of the BRAMs updated.
INFO: [Pwropt 34-201] Structural ODC has moved 0 WE to EN ports
Number of BRAM Ports augmented: 0 newly gated: 13 Total Ports: 146
Number of Flops added for Enable Generation: 1

Ending PowerOpt Patch Enables Task | Checksum: bbc57154

Time (s): cpu = 00:00:00 ; elapsed = 00:00:00.153 . Memory (MB): peak = 1437.340 ; gain = 0.000
Ending Power Optimization Task | Checksum: bbc57154

Time (s): cpu = 00:00:07 ; elapsed = 00:00:05 . Memory (MB): peak = 1437.340 ; gain = 294.805
INFO: [Common 17-83] Releasing license: Implementation
29 Infos, 0 Warnings, 0 Critical Warnings and 0 Errors encountered.
opt_design completed successfully
opt_design: Time (s): cpu = 00:00:13 ; elapsed = 00:00:11 . Memory (MB): peak = 1437.340 ; gain = 850.633
Writing placer database...
Writing XDEF routing.
Writing XDEF routing logical nets.
Writing XDEF routing special nets.
Write XDEF Complete: Time (s): cpu = 00:00:00 ; elapsed = 00:00:00.022 . Memory (MB): peak = 1437.340 ; gain = 0.000
INFO: [Common 17-1381] The checkpoint 'C:/Users/Vincent G/Desktop/gsplat/gsplat.runs/impl_1/top_gsplat_opt.dcp' has been generated.
INFO: [runtcl-4] Executing : report_drc -file top_gsplat_drc_opted.rpt -pb top_gsplat_drc_opted.pb -rpx top_gsplat_drc_opted.rpx
Command: report_drc -file top_gsplat_drc_opted.rpt -pb top_gsplat_drc_opted.pb -rpx top_gsplat_drc_opted.rpx
INFO: [IP_Flow 19-234] Refreshing IP repositories
INFO: [IP_Flow 19-1704] No user IP repositories specified
INFO: [IP_Flow 19-2313] Loaded Vivado IP repository 'C:/Xilinx/Vivado/2017.4/data/ip'.
INFO: [DRC 23-27] Running DRC with 2 threads
INFO: [Coretcl 2-168] The results of DRC are in file C:/Users/Vincent G/Desktop/gsplat/gsplat.runs/impl_1/top_gsplat_drc_opted.rpt.
report_drc completed successfully
INFO: [Chipscope 16-241] No debug cores found in the current design.
Before running the implement_debug_core command, either use the Set Up Debug wizard (GUI mode)
or use the create_debug_core and connect_debug_core Tcl commands to insert debug cores into the design.
Command: place_design
Attempting to get a license for feature 'Implementation' and/or device 'xc7a100t'
INFO: [Common 17-349] Got license for feature 'Implementation' and/or device 'xc7a100t'
INFO: [DRC 23-27] Running DRC with 2 threads
INFO: [Vivado_Tcl 4-198] DRC finished with 0 Errors
INFO: [Vivado_Tcl 4-199] Please refer to the DRC report (report_drc) for more information.
Running DRC as a precondition to command place_design
INFO: [DRC 23-27] Running DRC with 2 threads
WARNING: [DRC CHECK-3] Report rule limit reached: REQP-1839 rule limit reached: 20 violations have been found.
WARNING: [DRC REQP-1839] RAMB36 async control check: The RAMB36E1 u_framebuffer/ram_reg_0_0 has an input control pin u_framebuffer/ram_reg_0_0/ADDRARDADDR[0] (net: u_framebuffer/ADDRARDADDR[0]) which is driven by a register (u_render_ctrl/render_active_reg) that has an active asychronous set or reset. This may cause corruption of the memory contents and/or read values when the set/reset is asserted and is not analyzed by the default static timing analysis. It is suggested to eliminate the use of a set/reset to registers driving this RAMB pin or else use a synchronous reset in which the assertion of the reset is timed by default.
WARNING: [DRC REQP-1839] RAMB36 async control check: The RAMB36E1 u_framebuffer/ram_reg_0_0 has an input control pin u_framebuffer/ram_reg_0_0/ADDRARDADDR[10] (net: u_framebuffer/full_addr_a[0]) which is driven by a register (u_render_ctrl/render_active_reg) that has an active asychronous set or reset. This may cause corruption of the memory contents and/or read values when the set/reset is asserted and is not analyzed by the default static timing analysis. It is suggested to eliminate the use of a set/reset to registers driving this RAMB pin or else use a synchronous reset in which the assertion of the reset is timed by default.
WARNING: [DRC REQP-1839] RAMB36 async control check: The RAMB36E1 u_framebuffer/ram_reg_0_0 has an input control pin u_framebuffer/ram_reg_0_0/ADDRARDADDR[11] (net: u_framebuffer/full_addr_a[1]) which is driven by a register (u_render_ctrl/render_active_reg) that has an active asychronous set or reset. This may cause corruption of the memory contents and/or read values when the set/reset is asserted and is not analyzed by the default static timing analysis. It is suggested to eliminate the use of a set/reset to registers driving this RAMB pin or else use a synchronous reset in which the assertion of the reset is timed by default.
WARNING: [DRC REQP-1839] RAMB36 async control check: The RAMB36E1 u_framebuffer/ram_reg_0_0 has an input control pin u_framebuffer/ram_reg_0_0/ADDRARDADDR[12] (net: u_framebuffer/full_addr_a[2]) which is driven by a register (u_render_ctrl/render_active_reg) that has an active asychronous set or reset. This may cause corruption of the memory contents and/or read values when the set/reset is asserted and is not analyzed by the default static timing analysis. It is suggested to eliminate the use of a set/reset to registers driving this RAMB pin or else use a synchronous reset in which the assertion of the reset is timed by default.
WARNING: [DRC REQP-1839] RAMB36 async control check: The RAMB36E1 u_framebuffer/ram_reg_0_0 has an input control pin u_framebuffer/ram_reg_0_0/ADDRARDADDR[13] (net: u_framebuffer/full_addr_a[3]) which is driven by a register (u_render_ctrl/render_active_reg) that has an active asychronous set or reset. This may cause corruption of the memory contents and/or read values when the set/reset is asserted and is not analyzed by the default static timing analysis. It is suggested to eliminate the use of a set/reset to registers driving this RAMB pin or else use a synchronous reset in which the assertion of the reset is timed by default.
WARNING: [DRC REQP-1839] RAMB36 async control check: The RAMB36E1 u_framebuffer/ram_reg_0_0 has an input control pin u_framebuffer/ram_reg_0_0/ADDRARDADDR[14] (net: u_framebuffer/full_addr_a[4]) which is driven by a register (u_render_ctrl/render_active_reg) that has an active asychronous set or reset. This may cause corruption of the memory contents and/or read values when the set/reset is asserted and is not analyzed by the default static timing analysis. It is suggested to eliminate the use of a set/reset to registers driving this RAMB pin or else use a synchronous reset in which the assertion of the reset is timed by default.
WARNING: [DRC REQP-1839] RAMB36 async control check: The RAMB36E1 u_framebuffer/ram_reg_0_0 has an input control pin u_framebuffer/ram_reg_0_0/ADDRARDADDR[15] (net: u_framebuffer/full_addr_a[5]) which is driven by a register (u_render_ctrl/render_active_reg) that has an active asychronous set or reset. This may cause corruption of the memory contents and/or read values when the set/reset is asserted and is not analyzed by the default static timing analysis. It is suggested to eliminate the use of a set/reset to registers driving this RAMB pin or else use a synchronous reset in which the assertion of the reset is timed by default.
WARNING: [DRC REQP-1839] RAMB36 async control check: The RAMB36E1 u_framebuffer/ram_reg_0_0 has an input control pin u_framebuffer/ram_reg_0_0/ADDRARDADDR[1] (net: u_framebuffer/ADDRARDADDR[1]) which is driven by a register (u_render_ctrl/render_active_reg) that has an active asychronous set or reset. This may cause corruption of the memory contents and/or read values when the set/reset is asserted and is not analyzed by the default static timing analysis. It is suggested to eliminate the use of a set/reset to registers driving this RAMB pin or else use a synchronous reset in which the assertion of the reset is timed by default.
WARNING: [DRC REQP-1839] RAMB36 async control check: The RAMB36E1 u_framebuffer/ram_reg_0_0 has an input control pin u_framebuffer/ram_reg_0_0/ADDRARDADDR[2] (net: u_framebuffer/ADDRARDADDR[2]) which is driven by a register (u_render_ctrl/render_active_reg) that has an active asychronous set or reset. This may cause corruption of the memory contents and/or read values when the set/reset is asserted and is not analyzed by the default static timing analysis. It is suggested to eliminate the use of a set/reset to registers driving this RAMB pin or else use a synchronous reset in which the assertion of the reset is timed by default.
WARNING: [DRC REQP-1839] RAMB36 async control check: The RAMB36E1 u_framebuffer/ram_reg_0_0 has an input control pin u_framebuffer/ram_reg_0_0/ADDRARDADDR[3] (net: u_framebuffer/ADDRARDADDR[3]) which is driven by a register (u_render_ctrl/render_active_reg) that has an active asychronous set or reset. This may cause corruption of the memory contents and/or read values when the set/reset is asserted and is not analyzed by the default static timing analysis. It is suggested to eliminate the use of a set/reset to registers driving this RAMB pin or else use a synchronous reset in which the assertion of the reset is timed by default.
WARNING: [DRC REQP-1839] RAMB36 async control check: The RAMB36E1 u_framebuffer/ram_reg_0_0 has an input control pin u_framebuffer/ram_reg_0_0/ADDRARDADDR[4] (net: u_framebuffer/ADDRARDADDR[4]) which is driven by a register (u_render_ctrl/render_active_reg) that has an active asychronous set or reset. This may cause corruption of the memory contents and/or read values when the set/reset is asserted and is not analyzed by the default static timing analysis. It is suggested to eliminate the use of a set/reset to registers driving this RAMB pin or else use a synchronous reset in which the assertion of the reset is timed by default.
WARNING: [DRC REQP-1839] RAMB36 async control check: The RAMB36E1 u_framebuffer/ram_reg_0_0 has an input control pin u_framebuffer/ram_reg_0_0/ADDRARDADDR[5] (net: u_framebuffer/ADDRARDADDR[5]) which is driven by a register (u_render_ctrl/render_active_reg) that has an active asychronous set or reset. This may cause corruption of the memory contents and/or read values when the set/reset is asserted and is not analyzed by the default static timing analysis. It is suggested to eliminate the use of a set/reset to registers driving this RAMB pin or else use a synchronous reset in which the assertion of the reset is timed by default.
WARNING: [DRC REQP-1839] RAMB36 async control check: The RAMB36E1 u_framebuffer/ram_reg_0_0 has an input control pin u_framebuffer/ram_reg_0_0/ADDRARDADDR[6] (net: u_framebuffer/ADDRARDADDR[6]) which is driven by a register (u_render_ctrl/render_active_reg) that has an active asychronous set or reset. This may cause corruption of the memory contents and/or read values when the set/reset is asserted and is not analyzed by the default static timing analysis. It is suggested to eliminate the use of a set/reset to registers driving this RAMB pin or else use a synchronous reset in which the assertion of the reset is timed by default.
WARNING: [DRC REQP-1839] RAMB36 async control check: The RAMB36E1 u_framebuffer/ram_reg_0_0 has an input control pin u_framebuffer/ram_reg_0_0/ADDRARDADDR[7] (net: u_framebuffer/ADDRARDADDR[7]) which is driven by a register (u_render_ctrl/render_active_reg) that has an active asychronous set or reset. This may cause corruption of the memory contents and/or read values when the set/reset is asserted and is not analyzed by the default static timing analysis. It is suggested to eliminate the use of a set/reset to registers driving this RAMB pin or else use a synchronous reset in which the assertion of the reset is timed by default.
WARNING: [DRC REQP-1839] RAMB36 async control check: The RAMB36E1 u_framebuffer/ram_reg_0_0 has an input control pin u_framebuffer/ram_reg_0_0/ADDRARDADDR[8] (net: u_framebuffer/ADDRARDADDR[8]) which is driven by a register (u_render_ctrl/render_active_reg) that has an active asychronous set or reset. This may cause corruption of the memory contents and/or read values when the set/reset is asserted and is not analyzed by the default static timing analysis. It is suggested to eliminate the use of a set/reset to registers driving this RAMB pin or else use a synchronous reset in which the assertion of the reset is timed by default.
WARNING: [DRC REQP-1839] RAMB36 async control check: The RAMB36E1 u_framebuffer/ram_reg_0_0 has an input control pin u_framebuffer/ram_reg_0_0/ADDRARDADDR[9] (net: u_framebuffer/ADDRARDADDR[9]) which is driven by a register (u_render_ctrl/render_active_reg) that has an active asychronous set or reset. This may cause corruption of the memory contents and/or read values when the set/reset is asserted and is not analyzed by the default static timing analysis. It is suggested to eliminate the use of a set/reset to registers driving this RAMB pin or else use a synchronous reset in which the assertion of the reset is timed by default.
WARNING: [DRC REQP-1839] RAMB36 async control check: The RAMB36E1 u_framebuffer/ram_reg_0_0 has an input control pin u_framebuffer/ram_reg_0_0/ADDRBWRADDR[15] (net: u_framebuffer/full_addr_b[15]) which is driven by a register (u_vga_timing/h_cnt_reg[1]) that has an active asychronous set or reset. This may cause corruption of the memory contents and/or read values when the set/reset is asserted and is not analyzed by the default static timing analysis. It is suggested to eliminate the use of a set/reset to registers driving this RAMB pin or else use a synchronous reset in which the assertion of the reset is timed by default.
WARNING: [DRC REQP-1839] RAMB36 async control check: The RAMB36E1 u_framebuffer/ram_reg_0_0 has an input control pin u_framebuffer/ram_reg_0_0/ADDRBWRADDR[15] (net: u_framebuffer/full_addr_b[15]) which is driven by a register (u_vga_timing/h_cnt_reg[2]) that has an active asychronous set or reset. This may cause corruption of the memory contents and/or read values when the set/reset is asserted and is not analyzed by the default static timing analysis. It is suggested to eliminate the use of a set/reset to registers driving this RAMB pin or else use a synchronous reset in which the assertion of the reset is timed by default.
WARNING: [DRC REQP-1839] RAMB36 async control check: The RAMB36E1 u_framebuffer/ram_reg_0_0 has an input control pin u_framebuffer/ram_reg_0_0/ADDRBWRADDR[15] (net: u_framebuffer/full_addr_b[15]) which is driven by a register (u_vga_timing/h_cnt_reg[6]) that has an active asychronous set or reset. This may cause corruption of the memory contents and/or read values when the set/reset is asserted and is not analyzed by the default static timing analysis. It is suggested to eliminate the use of a set/reset to registers driving this RAMB pin or else use a synchronous reset in which the assertion of the reset is timed by default.
WARNING: [DRC REQP-1839] RAMB36 async control check: The RAMB36E1 u_framebuffer/ram_reg_0_0 has an input control pin u_framebuffer/ram_reg_0_0/ADDRBWRADDR[15] (net: u_framebuffer/full_addr_b[15]) which is driven by a register (u_vga_timing/h_cnt_reg[7]) that has an active asychronous set or reset. This may cause corruption of the memory contents and/or read values when the set/reset is asserted and is not analyzed by the default static timing analysis. It is suggested to eliminate the use of a set/reset to registers driving this RAMB pin or else use a synchronous reset in which the assertion of the reset is timed by default.
WARNING: [DRC REQP-1840] RAMB18 async control check: The RAMB18E1 u_gaussian_lut/weight_reg_reg has an input control pin u_gaussian_lut/weight_reg_reg/ENARDEN (net: u_gaussian_lut/pwropt) which is driven by a register (u_rasterizer/p2_valid_reg) that has an active asychronous set or reset. This may cause corruption of the memory contents and/or read values when the set/reset is asserted and is not analyzed by the default static timing analysis. It is suggested to eliminate the use of a set/reset to registers driving this RAMB pin or else use a synchronous reset in which the assertion of the reset is timed by default.
INFO: [Vivado_Tcl 4-198] DRC finished with 0 Errors, 22 Warnings
INFO: [Vivado_Tcl 4-199] Please refer to the DRC report (report_drc) for more information.

Starting Placer Task
INFO: [Place 30-611] Multithreading enabled for place_design using a maximum of 2 CPUs

Phase 1 Placer Initialization

Phase 1.1 Placer Initialization Netlist Sorting
Netlist sorting complete. Time (s): cpu = 00:00:00 ; elapsed = 00:00:00.003 . Memory (MB): peak = 1437.340 ; gain = 0.000
Phase 1.1 Placer Initialization Netlist Sorting | Checksum: 73601a3e

Time (s): cpu = 00:00:00 ; elapsed = 00:00:00.005 . Memory (MB): peak = 1437.340 ; gain = 0.000
INFO: [Timing 38-35] Done setting XDC timing constraints.
INFO: [Opt 31-138] Pushed 0 inverter(s) to 0 load pin(s).
Netlist sorting complete. Time (s): cpu = 00:00:00 ; elapsed = 00:00:00.001 . Memory (MB): peak = 1437.340 ; gain = 0.000

Phase 1.2 IO Placement/ Clock Placement/ Build Placer Device
INFO: [Timing 38-35] Done setting XDC timing constraints.
Phase 1.2 IO Placement/ Clock Placement/ Build Placer Device | Checksum: f063a7c2

Time (s): cpu = 00:00:01 ; elapsed = 00:00:00.963 . Memory (MB): peak = 1437.340 ; gain = 0.000

Phase 1.3 Build Placer Netlist Model
Phase 1.3 Build Placer Netlist Model | Checksum: 150f171bc

Time (s): cpu = 00:00:01 ; elapsed = 00:00:01 . Memory (MB): peak = 1437.340 ; gain = 0.000

Phase 1.4 Constrain Clocks/Macros
Phase 1.4 Constrain Clocks/Macros | Checksum: 150f171bc

Time (s): cpu = 00:00:01 ; elapsed = 00:00:01 . Memory (MB): peak = 1437.340 ; gain = 0.000
Phase 1 Placer Initialization | Checksum: 150f171bc

Time (s): cpu = 00:00:01 ; elapsed = 00:00:01 . Memory (MB): peak = 1437.340 ; gain = 0.000

Phase 2 Global Placement
Phase 2 Global Placement | Checksum: 10582759b

Time (s): cpu = 00:00:05 ; elapsed = 00:00:04 . Memory (MB): peak = 1437.340 ; gain = 0.000

Phase 3 Detail Placement

Phase 3.1 Commit Multi Column Macros
Phase 3.1 Commit Multi Column Macros | Checksum: 10582759b

Time (s): cpu = 00:00:05 ; elapsed = 00:00:04 . Memory (MB): peak = 1437.340 ; gain = 0.000

Phase 3.2 Commit Most Macros & LUTRAMs
Phase 3.2 Commit Most Macros & LUTRAMs | Checksum: 12bd3a3c1

Time (s): cpu = 00:00:05 ; elapsed = 00:00:04 . Memory (MB): peak = 1437.340 ; gain = 0.000

Phase 3.3 Area Swap Optimization
Phase 3.3 Area Swap Optimization | Checksum: 16ac39806

Time (s): cpu = 00:00:05 ; elapsed = 00:00:04 . Memory (MB): peak = 1437.340 ; gain = 0.000

Phase 3.4 Pipeline Register Optimization
Phase 3.4 Pipeline Register Optimization | Checksum: 9fa08fdb

Time (s): cpu = 00:00:05 ; elapsed = 00:00:04 . Memory (MB): peak = 1437.340 ; gain = 0.000

Phase 3.5 Timing Path Optimizer
Phase 3.5 Timing Path Optimizer | Checksum: 9fa08fdb

Time (s): cpu = 00:00:05 ; elapsed = 00:00:04 . Memory (MB): peak = 1437.340 ; gain = 0.000

Phase 3.6 Fast Optimization
Phase 3.6 Fast Optimization | Checksum: ed08fb0a

Time (s): cpu = 00:00:05 ; elapsed = 00:00:05 . Memory (MB): peak = 1437.340 ; gain = 0.000

Phase 3.7 Small Shape Detail Placement
Phase 3.7 Small Shape Detail Placement | Checksum: 1b2324ae2

Time (s): cpu = 00:00:06 ; elapsed = 00:00:05 . Memory (MB): peak = 1437.340 ; gain = 0.000

Phase 3.8 Re-assign LUT pins
Phase 3.8 Re-assign LUT pins | Checksum: 17e64fb12

Time (s): cpu = 00:00:06 ; elapsed = 00:00:05 . Memory (MB): peak = 1437.340 ; gain = 0.000

Phase 3.9 Pipeline Register Optimization
Phase 3.9 Pipeline Register Optimization | Checksum: 1bc17fc0c

Time (s): cpu = 00:00:06 ; elapsed = 00:00:05 . Memory (MB): peak = 1437.340 ; gain = 0.000

Phase 3.10 Fast Optimization
Phase 3.10 Fast Optimization | Checksum: 130de450f

Time (s): cpu = 00:00:06 ; elapsed = 00:00:06 . Memory (MB): peak = 1437.340 ; gain = 0.000
Phase 3 Detail Placement | Checksum: 130de450f

Time (s): cpu = 00:00:06 ; elapsed = 00:00:06 . Memory (MB): peak = 1437.340 ; gain = 0.000

Phase 4 Post Placement Optimization and Clean-Up

Phase 4.1 Post Commit Optimization
INFO: [Timing 38-35] Done setting XDC timing constraints.

Phase 4.1.1 Post Placement Optimization
Post Placement Optimization Initialization | Checksum: 16f529bae

Phase 4.1.1.1 BUFG Insertion
INFO: [Physopt 32-721] Multithreading enabled for phys_opt_design using a maximum of 2 CPUs
INFO: [Place 46-31] BUFG insertion identified 0 candidate nets, 0 success, 0 skipped for placement/routing, 0 skipped for timing, 0 skipped for netlist change reason.
Phase 4.1.1.1 BUFG Insertion | Checksum: 16f529bae

Time (s): cpu = 00:00:07 ; elapsed = 00:00:06 . Memory (MB): peak = 1437.340 ; gain = 0.000
INFO: [Place 30-746] Post Placement Timing Summary WNS=-3.993. For the most accurate timing information please run report_timing.
Phase 4.1.1 Post Placement Optimization | Checksum: 11d56ec76

Time (s): cpu = 00:00:12 ; elapsed = 00:00:11 . Memory (MB): peak = 1437.340 ; gain = 0.000
Phase 4.1 Post Commit Optimization | Checksum: 11d56ec76

Time (s): cpu = 00:00:12 ; elapsed = 00:00:11 . Memory (MB): peak = 1437.340 ; gain = 0.000

Phase 4.2 Post Placement Cleanup
Phase 4.2 Post Placement Cleanup | Checksum: 11d56ec76

Time (s): cpu = 00:00:12 ; elapsed = 00:00:11 . Memory (MB): peak = 1437.340 ; gain = 0.000

Phase 4.3 Placer Reporting
Phase 4.3 Placer Reporting | Checksum: 11d56ec76

Time (s): cpu = 00:00:12 ; elapsed = 00:00:11 . Memory (MB): peak = 1437.340 ; gain = 0.000

Phase 4.4 Final Placement Cleanup
Phase 4.4 Final Placement Cleanup | Checksum: e0a01847

Time (s): cpu = 00:00:12 ; elapsed = 00:00:11 . Memory (MB): peak = 1437.340 ; gain = 0.000
Phase 4 Post Placement Optimization and Clean-Up | Checksum: e0a01847

Time (s): cpu = 00:00:12 ; elapsed = 00:00:11 . Memory (MB): peak = 1437.340 ; gain = 0.000
Ending Placer Task | Checksum: 7c65a278

Time (s): cpu = 00:00:12 ; elapsed = 00:00:11 . Memory (MB): peak = 1437.340 ; gain = 0.000
INFO: [Common 17-83] Releasing license: Implementation
53 Infos, 22 Warnings, 0 Critical Warnings and 0 Errors encountered.
place_design completed successfully
place_design: Time (s): cpu = 00:00:14 ; elapsed = 00:00:12 . Memory (MB): peak = 1437.340 ; gain = 0.000
Writing placer database...
Writing XDEF routing.
Writing XDEF routing logical nets.
Writing XDEF routing special nets.
Write XDEF Complete: Time (s): cpu = 00:00:00 ; elapsed = 00:00:00.110 . Memory (MB): peak = 1437.340 ; gain = 0.000
INFO: [Common 17-1381] The checkpoint 'C:/Users/Vincent G/Desktop/gsplat/gsplat.runs/impl_1/top_gsplat_placed.dcp' has been generated.
INFO: [runtcl-4] Executing : report_io -file top_gsplat_io_placed.rpt
report_io: Time (s): cpu = 00:00:00 ; elapsed = 00:00:00.019 . Memory (MB): peak = 1437.340 ; gain = 0.000
INFO: [runtcl-4] Executing : report_utilization -file top_gsplat_utilization_placed.rpt -pb top_gsplat_utilization_placed.pb
report_utilization: Time (s): cpu = 00:00:00 ; elapsed = 00:00:00.025 . Memory (MB): peak = 1437.340 ; gain = 0.000
INFO: [runtcl-4] Executing : report_control_sets -verbose -file top_gsplat_control_sets_placed.rpt
report_control_sets: Time (s): cpu = 00:00:00 ; elapsed = 00:00:00.002 . Memory (MB): peak = 1437.340 ; gain = 0.000
Command: route_design
Attempting to get a license for feature 'Implementation' and/or device 'xc7a100t'
INFO: [Common 17-349] Got license for feature 'Implementation' and/or device 'xc7a100t'
Running DRC as a precondition to command route_design
INFO: [DRC 23-27] Running DRC with 2 threads
INFO: [Vivado_Tcl 4-198] DRC finished with 0 Errors
INFO: [Vivado_Tcl 4-199] Please refer to the DRC report (report_drc) for more information.


Starting Routing Task
INFO: [Route 35-254] Multithreading enabled for route_design using a maximum of 2 CPUs
Checksum: PlaceDB: 6dac91aa ConstDB: 0 ShapeSum: eb910ce RouteDB: 0

Phase 1 Build RT Design
Phase 1 Build RT Design | Checksum: 12bd68401

Time (s): cpu = 00:00:19 ; elapsed = 00:00:17 . Memory (MB): peak = 1437.340 ; gain = 0.000
Post Restoration Checksum: NetGraph: 3b5f10e5 NumContArr: f077731c Constraints: 0 Timing: 0

Phase 2 Router Initialization

Phase 2.1 Create Timer
Phase 2.1 Create Timer | Checksum: 12bd68401

Time (s): cpu = 00:00:19 ; elapsed = 00:00:17 . Memory (MB): peak = 1437.340 ; gain = 0.000

Phase 2.2 Fix Topology Constraints
Phase 2.2 Fix Topology Constraints | Checksum: 12bd68401

Time (s): cpu = 00:00:19 ; elapsed = 00:00:17 . Memory (MB): peak = 1437.340 ; gain = 0.000

Phase 2.3 Pre Route Cleanup
Phase 2.3 Pre Route Cleanup | Checksum: 12bd68401

Time (s): cpu = 00:00:19 ; elapsed = 00:00:17 . Memory (MB): peak = 1437.340 ; gain = 0.000
 Number of Nodes with overlaps = 0

Phase 2.4 Update Timing
Phase 2.4 Update Timing | Checksum: 1ecb73660

Time (s): cpu = 00:00:21 ; elapsed = 00:00:17 . Memory (MB): peak = 1437.340 ; gain = 0.000
INFO: [Route 35-416] Intermediate Timing Summary | WNS=-3.913 | TNS=-131.059| WHS=-0.134 | THS=-9.835 |

Phase 2 Router Initialization | Checksum: 1a6a15d66

Time (s): cpu = 00:00:21 ; elapsed = 00:00:18 . Memory (MB): peak = 1437.340 ; gain = 0.000

Phase 3 Initial Routing
Phase 3 Initial Routing | Checksum: 1b2098d0c

Time (s): cpu = 00:00:23 ; elapsed = 00:00:19 . Memory (MB): peak = 1437.340 ; gain = 0.000

Phase 4 Rip-up And Reroute

Phase 4.1 Global Iteration 0
 Number of Nodes with overlaps = 312
 Number of Nodes with overlaps = 68
 Number of Nodes with overlaps = 27
 Number of Nodes with overlaps = 11
 Number of Nodes with overlaps = 1
 Number of Nodes with overlaps = 0
INFO: [Route 35-416] Intermediate Timing Summary | WNS=-4.207 | TNS=-196.235| WHS=N/A    | THS=N/A    |

Phase 4.1 Global Iteration 0 | Checksum: 2060b272c

Time (s): cpu = 00:00:25 ; elapsed = 00:00:20 . Memory (MB): peak = 1437.340 ; gain = 0.000

Phase 4.2 Global Iteration 1
 Number of Nodes with overlaps = 61
 Number of Nodes with overlaps = 36
 Number of Nodes with overlaps = 8
 Number of Nodes with overlaps = 0
INFO: [Route 35-416] Intermediate Timing Summary | WNS=-4.181 | TNS=-196.457| WHS=N/A    | THS=N/A    |

Phase 4.2 Global Iteration 1 | Checksum: 1973c0e62

Time (s): cpu = 00:00:25 ; elapsed = 00:00:20 . Memory (MB): peak = 1437.340 ; gain = 0.000
Phase 4 Rip-up And Reroute | Checksum: 1973c0e62

Time (s): cpu = 00:00:25 ; elapsed = 00:00:20 . Memory (MB): peak = 1437.340 ; gain = 0.000

Phase 5 Delay and Skew Optimization

Phase 5.1 Delay CleanUp

Phase 5.1.1 Update Timing
Phase 5.1.1 Update Timing | Checksum: 146284c34

Time (s): cpu = 00:00:25 ; elapsed = 00:00:20 . Memory (MB): peak = 1437.340 ; gain = 0.000
INFO: [Route 35-416] Intermediate Timing Summary | WNS=-4.102 | TNS=-194.127| WHS=N/A    | THS=N/A    |

 Number of Nodes with overlaps = 0
Phase 5.1 Delay CleanUp | Checksum: 15b7119e1

Time (s): cpu = 00:00:29 ; elapsed = 00:00:22 . Memory (MB): peak = 1443.660 ; gain = 6.320

Phase 5.2 Clock Skew Optimization
Phase 5.2 Clock Skew Optimization | Checksum: 15b7119e1

Time (s): cpu = 00:00:29 ; elapsed = 00:00:22 . Memory (MB): peak = 1443.660 ; gain = 6.320
Phase 5 Delay and Skew Optimization | Checksum: 15b7119e1

Time (s): cpu = 00:00:29 ; elapsed = 00:00:22 . Memory (MB): peak = 1443.660 ; gain = 6.320

Phase 6 Post Hold Fix

Phase 6.1 Hold Fix Iter

Phase 6.1.1 Update Timing
Phase 6.1.1 Update Timing | Checksum: f9f457d1

Time (s): cpu = 00:00:29 ; elapsed = 00:00:22 . Memory (MB): peak = 1443.660 ; gain = 6.320
INFO: [Route 35-416] Intermediate Timing Summary | WNS=-3.986 | TNS=-163.727| WHS=0.015  | THS=0.000  |

Phase 6.1 Hold Fix Iter | Checksum: 16987766b

Time (s): cpu = 00:00:30 ; elapsed = 00:00:22 . Memory (MB): peak = 1443.660 ; gain = 6.320
Phase 6 Post Hold Fix | Checksum: 16987766b

Time (s): cpu = 00:00:30 ; elapsed = 00:00:22 . Memory (MB): peak = 1443.660 ; gain = 6.320

Phase 7 Route finalize

Router Utilization Summary
  Global Vertical Routing Utilization    = 0.927319 %
  Global Horizontal Routing Utilization  = 0.705172 %
  Routable Net Status*
  *Does not include unroutable nets such as driverless and loadless.
  Run report_route_status for detailed report.
  Number of Failed Nets               = 0
  Number of Unrouted Nets             = 0
  Number of Partially Routed Nets     = 0
  Number of Node Overlaps             = 0

Utilization threshold used for congestion level computation: 0.85
Congestion Report
North Dir 1x1 Area, Max Cong = 36.036%, No Congested Regions.
South Dir 1x1 Area, Max Cong = 47.7477%, No Congested Regions.
East Dir 1x1 Area, Max Cong = 41.1765%, No Congested Regions.
West Dir 1x1 Area, Max Cong = 44.1176%, No Congested Regions.
Phase 7 Route finalize | Checksum: 1c7db26ca

Time (s): cpu = 00:00:30 ; elapsed = 00:00:22 . Memory (MB): peak = 1443.660 ; gain = 6.320

Phase 8 Verifying routed nets

 Verification completed successfully
Phase 8 Verifying routed nets | Checksum: 1c7db26ca

Time (s): cpu = 00:00:30 ; elapsed = 00:00:22 . Memory (MB): peak = 1443.660 ; gain = 6.320

Phase 9 Depositing Routes
Phase 9 Depositing Routes | Checksum: 14a6da354

Time (s): cpu = 00:00:30 ; elapsed = 00:00:23 . Memory (MB): peak = 1443.660 ; gain = 6.320

Phase 10 Post Router Timing
INFO: [Route 35-57] Estimated Timing Summary | WNS=-3.986 | TNS=-163.727| WHS=0.015  | THS=0.000  |

WARNING: [Route 35-328] Router estimated timing not met.
Resolution: For a complete and accurate timing signoff, report_timing_summary must be run after route_design. Alternatively, route_design can be run with the -timing_summary option to enable a complete timing signoff at the end of route_design.
Phase 10 Post Router Timing | Checksum: 14a6da354

Time (s): cpu = 00:00:30 ; elapsed = 00:00:23 . Memory (MB): peak = 1443.660 ; gain = 6.320
INFO: [Route 35-16] Router Completed Successfully

Time (s): cpu = 00:00:30 ; elapsed = 00:00:23 . Memory (MB): peak = 1443.660 ; gain = 6.320

Routing Is Done.
INFO: [Common 17-83] Releasing license: Implementation
70 Infos, 23 Warnings, 0 Critical Warnings and 0 Errors encountered.
route_design completed successfully
route_design: Time (s): cpu = 00:00:31 ; elapsed = 00:00:23 . Memory (MB): peak = 1443.660 ; gain = 6.320
Writing placer database...
Writing XDEF routing.
Writing XDEF routing logical nets.
Writing XDEF routing special nets.
Write XDEF Complete: Time (s): cpu = 00:00:00 ; elapsed = 00:00:00.263 . Memory (MB): peak = 1443.660 ; gain = 0.000
INFO: [Common 17-1381] The checkpoint 'C:/Users/Vincent G/Desktop/gsplat/gsplat.runs/impl_1/top_gsplat_routed.dcp' has been generated.
INFO: [runtcl-4] Executing : report_drc -file top_gsplat_drc_routed.rpt -pb top_gsplat_drc_routed.pb -rpx top_gsplat_drc_routed.rpx
Command: report_drc -file top_gsplat_drc_routed.rpt -pb top_gsplat_drc_routed.pb -rpx top_gsplat_drc_routed.rpx
INFO: [IP_Flow 19-1839] IP Catalog is up to date.
INFO: [DRC 23-27] Running DRC with 2 threads
INFO: [Coretcl 2-168] The results of DRC are in file C:/Users/Vincent G/Desktop/gsplat/gsplat.runs/impl_1/top_gsplat_drc_routed.rpt.
report_drc completed successfully
INFO: [runtcl-4] Executing : report_methodology -file top_gsplat_methodology_drc_routed.rpt -pb top_gsplat_methodology_drc_routed.pb -rpx top_gsplat_methodology_drc_routed.rpx
Command: report_methodology -file top_gsplat_methodology_drc_routed.rpt -pb top_gsplat_methodology_drc_routed.pb -rpx top_gsplat_methodology_drc_routed.rpx
INFO: [Timing 38-35] Done setting XDC timing constraints.
INFO: [Timing 38-35] Done setting XDC timing constraints.
INFO: [DRC 23-133] Running Methodology with 2 threads
INFO: [Coretcl 2-1520] The results of Report Methodology are in file C:/Users/Vincent G/Desktop/gsplat/gsplat.runs/impl_1/top_gsplat_methodology_drc_routed.rpt.
report_methodology completed successfully
INFO: [runtcl-4] Executing : report_power -file top_gsplat_power_routed.rpt -pb top_gsplat_power_summary_routed.pb -rpx top_gsplat_power_routed.rpx
Command: report_power -file top_gsplat_power_routed.rpt -pb top_gsplat_power_summary_routed.pb -rpx top_gsplat_power_routed.rpx
INFO: [Timing 38-35] Done setting XDC timing constraints.
Running Vector-less Activity Propagation...

Finished Running Vector-less Activity Propagation
82 Infos, 23 Warnings, 0 Critical Warnings and 0 Errors encountered.
report_power completed successfully
INFO: [runtcl-4] Executing : report_route_status -file top_gsplat_route_status.rpt -pb top_gsplat_route_status.pb
INFO: [runtcl-4] Executing : report_timing_summary -max_paths 10 -file top_gsplat_timing_summary_routed.rpt -rpx top_gsplat_timing_summary_routed.rpx -warn_on_violation 
INFO: [Timing 38-91] UpdateTimingParams: Speed grade: -1, Delay Type: min_max.
INFO: [Timing 38-191] Multithreading enabled for timing update using a maximum of 2 CPUs
CRITICAL WARNING: [Timing 38-282] The design failed to meet the timing requirements. Please see the timing summary report for details on the timing violations.
INFO: [runtcl-4] Executing : report_incremental_reuse -file top_gsplat_incremental_reuse_routed.rpt
INFO: [Vivado_Tcl 4-545] No incremental reuse to report, no incremental placement and routing data was found.
INFO: [runtcl-4] Executing : report_clock_utilization -file top_gsplat_clock_utilization_routed.rpt
INFO: [Common 17-206] Exiting Vivado at Mon May 18 13:48:35 2026...
