Copyright 1986-2017 Xilinx, Inc. All Rights Reserved.
--------------------------------------------------------------------------------------------------------------------------------------------------------------------
| Tool Version : Vivado v.2017.4 (win64) Build 2086221 Fri Dec 15 20:55:39 MST 2017
| Date         : Mon May 18 12:49:36 2026
| Host         : GANSZ-DESKTOP running 64-bit major release  (build 9200)
| Command      : report_methodology -file top_gsplat_methodology_drc_routed.rpt -pb top_gsplat_methodology_drc_routed.pb -rpx top_gsplat_methodology_drc_routed.rpx
| Design       : top_gsplat
| Device       : xc7a100tcsg324-1
| Speed File   : -1
| Design State : Routed
--------------------------------------------------------------------------------------------------------------------------------------------------------------------

Report Methodology

Table of Contents
-----------------
1. REPORT SUMMARY
2. REPORT DETAILS

1. REPORT SUMMARY
-----------------
            Netlist: netlist
          Floorplan: design_1
      Design limits: <entire design considered>
             Max violations: <unlimited>
             Violations found: 73
+-----------+----------+--------------------------------------------+------------+
| Rule      | Severity | Description                                | Violations |
+-----------+----------+--------------------------------------------+------------+
| SYNTH-6   | Warning  | Timing of a block RAM might be sub-optimal | 31         |
| SYNTH-9   | Warning  | Small multiplier                           | 10         |
| SYNTH-11  | Warning  | DSP output not registered                  | 1          |
| SYNTH-13  | Warning  | combinational multiplier                   | 2          |
| TIMING-16 | Warning  | Large setup violation                      | 19         |
| TIMING-18 | Warning  | Missing input or output delay              | 10         |
+-----------+----------+--------------------------------------------+------------+

2. REPORT DETAILS
-----------------
SYNTH-6#1 Warning
Timing of a block RAM might be sub-optimal  
The timing for the instance u_framebuffer/ram_reg_1_0, implemented as a block RAM, might be sub-optimal as no output register was merged into the block
Related violations: <none>

SYNTH-6#2 Warning
Timing of a block RAM might be sub-optimal  
The timing for the instance u_framebuffer/ram_reg_1_1, implemented as a block RAM, might be sub-optimal as no output register was merged into the block
Related violations: <none>

SYNTH-6#3 Warning
Timing of a block RAM might be sub-optimal  
The timing for the instance u_framebuffer/ram_reg_1_10, implemented as a block RAM, might be sub-optimal as no output register was merged into the block
Related violations: <none>

SYNTH-6#4 Warning
Timing of a block RAM might be sub-optimal  
The timing for the instance u_framebuffer/ram_reg_1_11, implemented as a block RAM, might be sub-optimal as no output register was merged into the block
Related violations: <none>

SYNTH-6#5 Warning
Timing of a block RAM might be sub-optimal  
The timing for the instance u_framebuffer/ram_reg_1_2, implemented as a block RAM, might be sub-optimal as no output register was merged into the block
Related violations: <none>

SYNTH-6#6 Warning
Timing of a block RAM might be sub-optimal  
The timing for the instance u_framebuffer/ram_reg_1_3, implemented as a block RAM, might be sub-optimal as no output register was merged into the block
Related violations: <none>

SYNTH-6#7 Warning
Timing of a block RAM might be sub-optimal  
The timing for the instance u_framebuffer/ram_reg_1_4, implemented as a block RAM, might be sub-optimal as no output register was merged into the block
Related violations: <none>

SYNTH-6#8 Warning
Timing of a block RAM might be sub-optimal  
The timing for the instance u_framebuffer/ram_reg_1_5, implemented as a block RAM, might be sub-optimal as no output register was merged into the block
Related violations: <none>

SYNTH-6#9 Warning
Timing of a block RAM might be sub-optimal  
The timing for the instance u_framebuffer/ram_reg_1_6, implemented as a block RAM, might be sub-optimal as no output register was merged into the block
Related violations: <none>

SYNTH-6#10 Warning
Timing of a block RAM might be sub-optimal  
The timing for the instance u_framebuffer/ram_reg_1_7, implemented as a block RAM, might be sub-optimal as no output register was merged into the block
Related violations: <none>

SYNTH-6#11 Warning
Timing of a block RAM might be sub-optimal  
The timing for the instance u_framebuffer/ram_reg_1_8, implemented as a block RAM, might be sub-optimal as no output register was merged into the block
Related violations: <none>

SYNTH-6#12 Warning
Timing of a block RAM might be sub-optimal  
The timing for the instance u_framebuffer/ram_reg_1_9, implemented as a block RAM, might be sub-optimal as no output register was merged into the block
Related violations: <none>

SYNTH-6#13 Warning
Timing of a block RAM might be sub-optimal  
The timing for the instance u_framebuffer/ram_reg_2_10__0, implemented as a block RAM, might be sub-optimal as no output register was merged into the block
Related violations: <none>

SYNTH-6#14 Warning
Timing of a block RAM might be sub-optimal  
The timing for the instance u_framebuffer/ram_reg_2_11__0, implemented as a block RAM, might be sub-optimal as no output register was merged into the block
Related violations: <none>

SYNTH-6#15 Warning
Timing of a block RAM might be sub-optimal  
The timing for the instance u_framebuffer/ram_reg_2_1__0, implemented as a block RAM, might be sub-optimal as no output register was merged into the block
Related violations: <none>

SYNTH-6#16 Warning
Timing of a block RAM might be sub-optimal  
The timing for the instance u_framebuffer/ram_reg_2_2__0, implemented as a block RAM, might be sub-optimal as no output register was merged into the block
Related violations: <none>

SYNTH-6#17 Warning
Timing of a block RAM might be sub-optimal  
The timing for the instance u_framebuffer/ram_reg_2_8__0, implemented as a block RAM, might be sub-optimal as no output register was merged into the block
Related violations: <none>

SYNTH-6#18 Warning
Timing of a block RAM might be sub-optimal  
The timing for the instance u_framebuffer/ram_reg_2_9__0, implemented as a block RAM, might be sub-optimal as no output register was merged into the block
Related violations: <none>

SYNTH-6#19 Warning
Timing of a block RAM might be sub-optimal  
The timing for the instance u_framebuffer/ram_reg_3_0, implemented as a block RAM, might be sub-optimal as no output register was merged into the block
Related violations: <none>

SYNTH-6#20 Warning
Timing of a block RAM might be sub-optimal  
The timing for the instance u_framebuffer/ram_reg_3_1, implemented as a block RAM, might be sub-optimal as no output register was merged into the block
Related violations: <none>

SYNTH-6#21 Warning
Timing of a block RAM might be sub-optimal  
The timing for the instance u_framebuffer/ram_reg_3_10, implemented as a block RAM, might be sub-optimal as no output register was merged into the block
Related violations: <none>

SYNTH-6#22 Warning
Timing of a block RAM might be sub-optimal  
The timing for the instance u_framebuffer/ram_reg_3_11, implemented as a block RAM, might be sub-optimal as no output register was merged into the block
Related violations: <none>

SYNTH-6#23 Warning
Timing of a block RAM might be sub-optimal  
The timing for the instance u_framebuffer/ram_reg_3_2, implemented as a block RAM, might be sub-optimal as no output register was merged into the block
Related violations: <none>

SYNTH-6#24 Warning
Timing of a block RAM might be sub-optimal  
The timing for the instance u_framebuffer/ram_reg_3_3, implemented as a block RAM, might be sub-optimal as no output register was merged into the block
Related violations: <none>

SYNTH-6#25 Warning
Timing of a block RAM might be sub-optimal  
The timing for the instance u_framebuffer/ram_reg_3_4, implemented as a block RAM, might be sub-optimal as no output register was merged into the block
Related violations: <none>

SYNTH-6#26 Warning
Timing of a block RAM might be sub-optimal  
The timing for the instance u_framebuffer/ram_reg_3_5, implemented as a block RAM, might be sub-optimal as no output register was merged into the block
Related violations: <none>

SYNTH-6#27 Warning
Timing of a block RAM might be sub-optimal  
The timing for the instance u_framebuffer/ram_reg_3_6, implemented as a block RAM, might be sub-optimal as no output register was merged into the block
Related violations: <none>

SYNTH-6#28 Warning
Timing of a block RAM might be sub-optimal  
The timing for the instance u_framebuffer/ram_reg_3_7, implemented as a block RAM, might be sub-optimal as no output register was merged into the block
Related violations: <none>

SYNTH-6#29 Warning
Timing of a block RAM might be sub-optimal  
The timing for the instance u_framebuffer/ram_reg_3_8, implemented as a block RAM, might be sub-optimal as no output register was merged into the block
Related violations: <none>

SYNTH-6#30 Warning
Timing of a block RAM might be sub-optimal  
The timing for the instance u_framebuffer/ram_reg_3_9, implemented as a block RAM, might be sub-optimal as no output register was merged into the block
Related violations: <none>

SYNTH-6#31 Warning
Timing of a block RAM might be sub-optimal  
The timing for the instance u_gaussian_lut/weight_reg_reg, implemented as a block RAM, might be sub-optimal as no output register was merged into the block
Related violations: <none>

SYNTH-9#1 Warning
Small multiplier  
Detected multiplier at u_rasterizer/px_eff_alpha_reg[2]_i_1 of size 8x8, it is implemented as LUTs due to its small size. To force the multiplier onto a DSP block, use the USE_DSP48 attribute.
Related violations: <none>

SYNTH-9#2 Warning
Small multiplier  
Detected multiplier at u_rasterizer/px_eff_alpha_reg[2]_i_12 of size 8x8, it is implemented as LUTs due to its small size. To force the multiplier onto a DSP block, use the USE_DSP48 attribute.
Related violations: <none>

SYNTH-9#3 Warning
Small multiplier  
Detected multiplier at u_rasterizer/px_eff_alpha_reg[2]_i_13 of size 8x8, it is implemented as LUTs due to its small size. To force the multiplier onto a DSP block, use the USE_DSP48 attribute.
Related violations: <none>

SYNTH-9#4 Warning
Small multiplier  
Detected multiplier at u_rasterizer/px_eff_alpha_reg[2]_i_2 of size 8x8, it is implemented as LUTs due to its small size. To force the multiplier onto a DSP block, use the USE_DSP48 attribute.
Related violations: <none>

SYNTH-9#5 Warning
Small multiplier  
Detected multiplier at u_rasterizer/px_eff_alpha_reg[2]_i_21 of size 8x8, it is implemented as LUTs due to its small size. To force the multiplier onto a DSP block, use the USE_DSP48 attribute.
Related violations: <none>

SYNTH-9#6 Warning
Small multiplier  
Detected multiplier at u_rasterizer/px_eff_alpha_reg[2]_i_22 of size 8x8, it is implemented as LUTs due to its small size. To force the multiplier onto a DSP block, use the USE_DSP48 attribute.
Related violations: <none>

SYNTH-9#7 Warning
Small multiplier  
Detected multiplier at u_rasterizer/px_eff_alpha_reg[6]_i_1 of size 8x8, it is implemented as LUTs due to its small size. To force the multiplier onto a DSP block, use the USE_DSP48 attribute.
Related violations: <none>

SYNTH-9#8 Warning
Small multiplier  
Detected multiplier at u_rasterizer/px_eff_alpha_reg[6]_i_18 of size 8x8, it is implemented as LUTs due to its small size. To force the multiplier onto a DSP block, use the USE_DSP48 attribute.
Related violations: <none>

SYNTH-9#9 Warning
Small multiplier  
Detected multiplier at u_rasterizer/px_eff_alpha_reg[7]_i_1 of size 8x8, it is implemented as LUTs due to its small size. To force the multiplier onto a DSP block, use the USE_DSP48 attribute.
Related violations: <none>

SYNTH-9#10 Warning
Small multiplier  
Detected multiplier at u_rasterizer/px_eff_alpha_reg[7]_i_3 of size 8x8, it is implemented as LUTs due to its small size. To force the multiplier onto a DSP block, use the USE_DSP48 attribute.
Related violations: <none>

SYNTH-11#1 Warning
DSP output not registered  
DSP instance u_rasterizer/lut_d2_norm0 is not fully pipelined on the output side. MREG/PREG are not used.
Related violations: <none>

SYNTH-13#1 Warning
combinational multiplier  
Detected combinational multiplier in DSP instance u_rasterizer/ARG.
Related violations: <none>

SYNTH-13#2 Warning
combinational multiplier  
Detected combinational multiplier in DSP instance u_rasterizer/ARG__0.
Related violations: <none>

TIMING-16#1 Warning
Large setup violation  
There is a large setup violation of -1.479 ns between u_rasterizer/cx_reg[2]/C (clocked by sys_clk_pin) and u_rasterizer/p1_valid_reg/D (clocked by sys_clk_pin). Large setup violations at the end of those stages might be difficult to fix during the post-placement implementation flow and could be the result of non-optimal XDC constraints or non-optimal design architecture
Related violations: <none>

TIMING-16#2 Warning
Large setup violation  
There is a large setup violation of -1.952 ns between u_rasterizer/cur_x_reg[1]/C (clocked by sys_clk_pin) and u_rasterizer/p1_x_reg[0]/CE (clocked by sys_clk_pin). Large setup violations at the end of those stages might be difficult to fix during the post-placement implementation flow and could be the result of non-optimal XDC constraints or non-optimal design architecture
Related violations: <none>

TIMING-16#3 Warning
Large setup violation  
There is a large setup violation of -1.952 ns between u_rasterizer/cur_x_reg[1]/C (clocked by sys_clk_pin) and u_rasterizer/p1_x_reg[3]/CE (clocked by sys_clk_pin). Large setup violations at the end of those stages might be difficult to fix during the post-placement implementation flow and could be the result of non-optimal XDC constraints or non-optimal design architecture
Related violations: <none>

TIMING-16#4 Warning
Large setup violation  
There is a large setup violation of -1.952 ns between u_rasterizer/cur_x_reg[1]/C (clocked by sys_clk_pin) and u_rasterizer/p1_x_reg[5]/CE (clocked by sys_clk_pin). Large setup violations at the end of those stages might be difficult to fix during the post-placement implementation flow and could be the result of non-optimal XDC constraints or non-optimal design architecture
Related violations: <none>

TIMING-16#5 Warning
Large setup violation  
There is a large setup violation of -1.952 ns between u_rasterizer/cur_x_reg[1]/C (clocked by sys_clk_pin) and u_rasterizer/p1_x_reg[7]/CE (clocked by sys_clk_pin). Large setup violations at the end of those stages might be difficult to fix during the post-placement implementation flow and could be the result of non-optimal XDC constraints or non-optimal design architecture
Related violations: <none>

TIMING-16#6 Warning
Large setup violation  
There is a large setup violation of -1.952 ns between u_rasterizer/cur_x_reg[1]/C (clocked by sys_clk_pin) and u_rasterizer/p1_y_reg[0]/CE (clocked by sys_clk_pin). Large setup violations at the end of those stages might be difficult to fix during the post-placement implementation flow and could be the result of non-optimal XDC constraints or non-optimal design architecture
Related violations: <none>

TIMING-16#7 Warning
Large setup violation  
There is a large setup violation of -1.952 ns between u_rasterizer/cur_x_reg[1]/C (clocked by sys_clk_pin) and u_rasterizer/p1_y_reg[1]/CE (clocked by sys_clk_pin). Large setup violations at the end of those stages might be difficult to fix during the post-placement implementation flow and could be the result of non-optimal XDC constraints or non-optimal design architecture
Related violations: <none>

TIMING-16#8 Warning
Large setup violation  
There is a large setup violation of -1.952 ns between u_rasterizer/cur_x_reg[1]/C (clocked by sys_clk_pin) and u_rasterizer/p1_y_reg[2]/CE (clocked by sys_clk_pin). Large setup violations at the end of those stages might be difficult to fix during the post-placement implementation flow and could be the result of non-optimal XDC constraints or non-optimal design architecture
Related violations: <none>

TIMING-16#9 Warning
Large setup violation  
There is a large setup violation of -1.952 ns between u_rasterizer/cur_x_reg[1]/C (clocked by sys_clk_pin) and u_rasterizer/p1_y_reg[6]/CE (clocked by sys_clk_pin). Large setup violations at the end of those stages might be difficult to fix during the post-placement implementation flow and could be the result of non-optimal XDC constraints or non-optimal design architecture
Related violations: <none>

TIMING-16#10 Warning
Large setup violation  
There is a large setup violation of -1.970 ns between u_rasterizer/cur_x_reg[1]/C (clocked by sys_clk_pin) and u_rasterizer/p1_x_reg[2]/CE (clocked by sys_clk_pin). Large setup violations at the end of those stages might be difficult to fix during the post-placement implementation flow and could be the result of non-optimal XDC constraints or non-optimal design architecture
Related violations: <none>

TIMING-16#11 Warning
Large setup violation  
There is a large setup violation of -1.970 ns between u_rasterizer/cur_x_reg[1]/C (clocked by sys_clk_pin) and u_rasterizer/p1_x_reg[4]/CE (clocked by sys_clk_pin). Large setup violations at the end of those stages might be difficult to fix during the post-placement implementation flow and could be the result of non-optimal XDC constraints or non-optimal design architecture
Related violations: <none>

TIMING-16#12 Warning
Large setup violation  
There is a large setup violation of -1.970 ns between u_rasterizer/cur_x_reg[1]/C (clocked by sys_clk_pin) and u_rasterizer/p1_x_reg[6]/CE (clocked by sys_clk_pin). Large setup violations at the end of those stages might be difficult to fix during the post-placement implementation flow and could be the result of non-optimal XDC constraints or non-optimal design architecture
Related violations: <none>

TIMING-16#13 Warning
Large setup violation  
There is a large setup violation of -1.970 ns between u_rasterizer/cur_x_reg[1]/C (clocked by sys_clk_pin) and u_rasterizer/p1_x_reg[8]/CE (clocked by sys_clk_pin). Large setup violations at the end of those stages might be difficult to fix during the post-placement implementation flow and could be the result of non-optimal XDC constraints or non-optimal design architecture
Related violations: <none>

TIMING-16#14 Warning
Large setup violation  
There is a large setup violation of -1.970 ns between u_rasterizer/cur_x_reg[1]/C (clocked by sys_clk_pin) and u_rasterizer/p1_y_reg[3]/CE (clocked by sys_clk_pin). Large setup violations at the end of those stages might be difficult to fix during the post-placement implementation flow and could be the result of non-optimal XDC constraints or non-optimal design architecture
Related violations: <none>

TIMING-16#15 Warning
Large setup violation  
There is a large setup violation of -1.970 ns between u_rasterizer/cur_x_reg[1]/C (clocked by sys_clk_pin) and u_rasterizer/p1_y_reg[4]/CE (clocked by sys_clk_pin). Large setup violations at the end of those stages might be difficult to fix during the post-placement implementation flow and could be the result of non-optimal XDC constraints or non-optimal design architecture
Related violations: <none>

TIMING-16#16 Warning
Large setup violation  
There is a large setup violation of -2.006 ns between u_rasterizer/cur_x_reg[1]/C (clocked by sys_clk_pin) and u_rasterizer/p1_x_reg[1]/CE (clocked by sys_clk_pin). Large setup violations at the end of those stages might be difficult to fix during the post-placement implementation flow and could be the result of non-optimal XDC constraints or non-optimal design architecture
Related violations: <none>

TIMING-16#17 Warning
Large setup violation  
There is a large setup violation of -2.006 ns between u_rasterizer/cur_x_reg[1]/C (clocked by sys_clk_pin) and u_rasterizer/p1_y_reg[7]/CE (clocked by sys_clk_pin). Large setup violations at the end of those stages might be difficult to fix during the post-placement implementation flow and could be the result of non-optimal XDC constraints or non-optimal design architecture
Related violations: <none>

TIMING-16#18 Warning
Large setup violation  
There is a large setup violation of -2.009 ns between u_rasterizer/cur_x_reg[1]/C (clocked by sys_clk_pin) and u_rasterizer/p1_y_reg[5]/CE (clocked by sys_clk_pin). Large setup violations at the end of those stages might be difficult to fix during the post-placement implementation flow and could be the result of non-optimal XDC constraints or non-optimal design architecture
Related violations: <none>

TIMING-16#19 Warning
Large setup violation  
There is a large setup violation of -2.163 ns between u_rasterizer/cx_reg[2]/C (clocked by sys_clk_pin) and u_rasterizer/lut_d2_norm0/CEA2 (clocked by sys_clk_pin). Large setup violations at the end of those stages might be difficult to fix during the post-placement implementation flow and could be the result of non-optimal XDC constraints or non-optimal design architecture
Related violations: <none>

TIMING-18#1 Warning
Missing input or output delay  
An input delay is missing on BTNC relative to clock(s) sys_clk_pin
Related violations: <none>

TIMING-18#2 Warning
Missing input or output delay  
An input delay is missing on BTND relative to clock(s) sys_clk_pin
Related violations: <none>

TIMING-18#3 Warning
Missing input or output delay  
An input delay is missing on BTNL relative to clock(s) sys_clk_pin
Related violations: <none>

TIMING-18#4 Warning
Missing input or output delay  
An input delay is missing on BTNR relative to clock(s) sys_clk_pin
Related violations: <none>

TIMING-18#5 Warning
Missing input or output delay  
An input delay is missing on BTNU relative to clock(s) sys_clk_pin
Related violations: <none>

TIMING-18#6 Warning
Missing input or output delay  
An input delay is missing on CPU_RESETN relative to clock(s) sys_clk_pin
Related violations: <none>

TIMING-18#7 Warning
Missing input or output delay  
An output delay is missing on LED[0] relative to clock(s) sys_clk_pin
Related violations: <none>

TIMING-18#8 Warning
Missing input or output delay  
An output delay is missing on LED[1] relative to clock(s) sys_clk_pin
Related violations: <none>

TIMING-18#9 Warning
Missing input or output delay  
An output delay is missing on LED[2] relative to clock(s) sys_clk_pin
Related violations: <none>

TIMING-18#10 Warning
Missing input or output delay  
An output delay is missing on LED[3] relative to clock(s) sys_clk_pin
Related violations: <none>


